<?xml version="1.0" encoding="utf-8"?><testsuites name="pytest tests"><testsuite name="pytest" errors="0" failures="1" skipped="0" tests="32" time="6.638" timestamp="2026-05-31T08:31:24.254366+00:00" hostname="agent-env-2d3fbb17-5038-4add-a94b-7d6d80b283a8"><testcase classname="backend.tests.backend_test.TestHealth" name="test_root" time="0.231" /><testcase classname="backend.tests.backend_test.TestAuth" name="test_login_success" time="0.273" /><testcase classname="backend.tests.backend_test.TestAuth" name="test_login_invalid" time="0.273" /><testcase classname="backend.tests.backend_test.TestAuth" name="test_me_with_bearer" time="0.376" /><testcase classname="backend.tests.backend_test.TestAuth" name="test_me_without_token" time="0.131" /><testcase classname="backend.tests.backend_test.TestPropertiesPublic" name="test_list_published" time="0.049" /><testcase classname="backend.tests.backend_test.TestPropertiesPublic" name="test_get_detail" time="0.097" /><testcase classname="backend.tests.backend_test.TestPropertiesPublic" name="test_get_detail_invalid_id" time="0.047" /><testcase classname="backend.tests.backend_test.TestPropertiesPublic" name="test_filter_by_city" time="0.090" /><testcase classname="backend.tests.backend_test.TestPropertiesPublic" name="test_filter_by_type" time="0.045" /><testcase classname="backend.tests.backend_test.TestPropertiesPublic" name="test_filter_featured" time="0.047" /><testcase classname="backend.tests.backend_test.TestLeads" name="test_lead_appears_in_admin_list" time="0.161" /><testcase classname="backend.tests.backend_test.TestLeads" name="test_lead_status_update" time="0.294" /><testcase classname="backend.tests.backend_test.TestLeads" name="test_lead_invalid_status" time="0.108" /><testcase classname="backend.tests.backend_test.TestLeads" name="test_lead_delete_requires_admin" time="0.792" /><testcase classname="backend.tests.backend_test.TestLeads" name="test_lead_delete_admin" time="0.103" /><testcase classname="backend.tests.backend_test.TestLeads" name="test_admin_leads_requires_auth" time="0.108" /><testcase classname="backend.tests.backend_test.TestUsersRBAC" name="test_list_users_requires_admin" time="0.099" /><testcase classname="backend.tests.backend_test.TestUsersRBAC" name="test_list_users_admin" time="0.132" /><testcase classname="backend.tests.backend_test.TestUsersRBAC" name="test_create_user_admin_full_lifecycle" time="0.426"><failure message="assert False&#10; +  where False = any(&lt;generator object TestUsersRBAC.test_create_user_admin_full_lifecycle.&lt;locals&gt;.&lt;genexpr&gt; at 0xfc4e8e5aaea0&gt;)">backend/tests/backend_test.py:232: in test_create_user_admin_full_lifecycle
    assert any(u["id"] == uid and u["email"] == email and u["role"] == "marketing" for u in r2.json())
E   assert False
E    +  where False = any(&lt;generator object TestUsersRBAC.test_create_user_admin_full_lifecycle.&lt;locals&gt;.&lt;genexpr&gt; at 0xfc4e8e5aaea0&gt;)</failure></testcase><testcase classname="backend.tests.backend_test.TestUsersRBAC" name="test_sales_cannot_create_user" time="0.101" /><testcase classname="backend.tests.backend_test.TestUsersRBAC" name="test_invalid_role" time="0.108" /><testcase classname="backend.tests.backend_test.TestPropertiesAdmin" name="test_admin_list_includes_draft" time="0.402" /><testcase classname="backend.tests.backend_test.TestPropertiesAdmin" name="test_admin_requires_auth" time="0.306" /><testcase classname="backend.tests.backend_test.TestPropertiesAdmin" name="test_sales_can_list" time="0.341" /><testcase classname="backend.tests.backend_test.TestPropertiesAdmin" name="test_public_does_not_show_draft" time="0.056" /><testcase classname="backend.tests.backend_test.TestPropertiesAdmin" name="test_publish_status" time="0.179" /><testcase classname="backend.tests.backend_test.TestPropertiesAdmin" name="test_update" time="0.206" /><testcase classname="backend.tests.backend_test.TestPropertiesAdmin" name="test_sales_cannot_delete" time="0.107" /><testcase classname="backend.tests.backend_test.TestPropertiesAdmin" name="test_admin_delete" time="0.240" /><testcase classname="backend.tests.backend_test.TestUpload" name="test_upload_and_serve" time="0.481" /><testcase classname="backend.tests.backend_test.TestUpload" name="test_upload_requires_auth" time="0.102" /></testsuite></testsuites>