<?xml version="1.0" encoding="utf-8"?><testsuites name="pytest tests"><testsuite name="pytest" errors="0" failures="0" skipped="0" tests="43" time="7.275" timestamp="2026-06-02T09:03:43.368557+00:00" hostname="agent-env-2d3fbb17-5038-4add-a94b-7d6d80b283a8"><testcase classname="backend.tests.backend_test.TestHealth" name="test_root" time="0.199" /><testcase classname="backend.tests.backend_test.TestAuth" name="test_login_success" time="0.278" /><testcase classname="backend.tests.backend_test.TestAuth" name="test_login_invalid" time="0.272" /><testcase classname="backend.tests.backend_test.TestAuth" name="test_me_with_bearer" time="0.370" /><testcase classname="backend.tests.backend_test.TestAuth" name="test_me_without_token" time="0.103" /><testcase classname="backend.tests.backend_test.TestPropertiesPublic" name="test_list_published" time="0.049" /><testcase classname="backend.tests.backend_test.TestPropertiesPublic" name="test_get_detail" time="0.112" /><testcase classname="backend.tests.backend_test.TestPropertiesPublic" name="test_get_detail_invalid_id" time="0.048" /><testcase classname="backend.tests.backend_test.TestPropertiesPublic" name="test_filter_by_city" time="0.094" /><testcase classname="backend.tests.backend_test.TestPropertiesPublic" name="test_filter_by_type" time="0.049" /><testcase classname="backend.tests.backend_test.TestPropertiesPublic" name="test_filter_featured" time="0.053" /><testcase classname="backend.tests.backend_test.TestLeads" name="test_lead_appears_in_admin_list" time="0.192" /><testcase classname="backend.tests.backend_test.TestLeads" name="test_lead_status_update" time="0.215" /><testcase classname="backend.tests.backend_test.TestLeads" name="test_lead_invalid_status" time="0.107" /><testcase classname="backend.tests.backend_test.TestLeads" name="test_lead_delete_requires_admin" time="0.578" /><testcase classname="backend.tests.backend_test.TestLeads" name="test_lead_delete_admin" time="0.143" /><testcase classname="backend.tests.backend_test.TestLeads" name="test_admin_leads_requires_auth" time="0.101" /><testcase classname="backend.tests.backend_test.TestLeads" name="test_lead_with_budget_field" time="0.258" /><testcase classname="backend.tests.backend_test.TestLeads" name="test_lead_with_extended_fields" time="0.248" /><testcase classname="backend.tests.backend_test.TestLeads" name="test_lead_without_budget_defaults_empty" time="0.248" /><testcase classname="backend.tests.backend_test.TestUsersRBAC" name="test_list_users_requires_admin" time="0.095" /><testcase classname="backend.tests.backend_test.TestUsersRBAC" name="test_list_users_admin" time="0.099" /><testcase classname="backend.tests.backend_test.TestUsersRBAC" name="test_create_user_admin_full_lifecycle" time="0.672" /><testcase classname="backend.tests.backend_test.TestUsersRBAC" name="test_sales_cannot_create_user" time="0.128" /><testcase classname="backend.tests.backend_test.TestUsersRBAC" name="test_invalid_role" time="0.098" /><testcase classname="backend.tests.backend_test.TestPropertiesAdmin" name="test_admin_list_includes_draft" time="0.206" /><testcase classname="backend.tests.backend_test.TestPropertiesAdmin" name="test_admin_requires_auth" time="0.112" /><testcase classname="backend.tests.backend_test.TestPropertiesAdmin" name="test_sales_can_list" time="0.115" /><testcase classname="backend.tests.backend_test.TestPropertiesAdmin" name="test_public_does_not_show_draft" time="0.046" /><testcase classname="backend.tests.backend_test.TestPropertiesAdmin" name="test_publish_status" time="0.159" /><testcase classname="backend.tests.backend_test.TestPropertiesAdmin" name="test_update" time="0.204" /><testcase classname="backend.tests.backend_test.TestPropertiesAdmin" name="test_sales_cannot_delete" time="0.094" /><testcase classname="backend.tests.backend_test.TestPropertiesAdmin" name="test_admin_delete" time="0.218" /><testcase classname="backend.tests.backend_test.TestUpload" name="test_upload_and_serve" time="0.496" /><testcase classname="backend.tests.backend_test.TestUpload" name="test_upload_requires_auth" time="0.101" /><testcase classname="backend.tests.backend_test.TestNews" name="test_news_topics" time="0.046" /><testcase classname="backend.tests.backend_test.TestNews" name="test_news_trending" time="0.048" /><testcase classname="backend.tests.backend_test.TestNews" name="test_news_group_valid[local]" time="0.054" /><testcase classname="backend.tests.backend_test.TestNews" name="test_news_group_valid[india]" time="0.051" /><testcase classname="backend.tests.backend_test.TestNews" name="test_news_group_valid[global]" time="0.048" /><testcase classname="backend.tests.backend_test.TestNews" name="test_news_group_invalid" time="0.045" /><testcase classname="backend.tests.backend_test.TestNews" name="test_news_refresh_requires_auth" time="0.095" /><testcase classname="backend.tests.backend_test.TestNews" name="test_news_refresh_admin" time="0.212" /></testsuite></testsuites>